app/build/intermediates/manifest_merge_blame_file/debug/manifest-merger-blame-debug-report.txt
1<?xml version="1.0" encoding="utf-8"?>
2<manifest xmlns:android="http://schemas.android.com/apk/res/android"
3    package="com.maximus.UnlockerCMD"
4    android:versionCode="1"
5    android:versionName="1.0" >
6
7    <uses-sdk
8        android:minSdkVersion="21"
9        android:targetSdkVersion="30" />
10
11    <uses-permission android:name="android.permission.ACCESS_CHECKIN_PROPERTIES" />
11-->src/main/AndroidManifest.xml:2:5-83
11-->src/main/AndroidManifest.xml:2:22-81
12    <uses-permission android:name="android.permission.ACCESS_COARSE_LOCATION" />
12-->src/main/AndroidManifest.xml:3:5-80
12-->src/main/AndroidManifest.xml:3:22-78
13    <uses-permission android:name="android.permission.ACCESS_FINE_LOCATION" />
13-->src/main/AndroidManifest.xml:4:5-78
13-->src/main/AndroidManifest.xml:4:22-76
14    <uses-permission android:name="android.permission.ACCESS_LOCATION_EXTRA_COMMANDS" />
14-->src/main/AndroidManifest.xml:5:5-88
14-->src/main/AndroidManifest.xml:5:22-86
15    <uses-permission android:name="android.permission.ACCESS_NETWORK_STATE" />
15-->src/main/AndroidManifest.xml:6:5-78
15-->src/main/AndroidManifest.xml:6:22-76
16    <uses-permission android:name="android.permission.ACCESS_NOTIFICATION_POLICY" />
16-->src/main/AndroidManifest.xml:7:5-84
16-->src/main/AndroidManifest.xml:7:22-82
17    <uses-permission android:name="android.permission.ACCESS_PDB_STATE" />
17-->src/main/AndroidManifest.xml:8:5-74
17-->src/main/AndroidManifest.xml:8:22-72
18    <uses-permission android:name="android.permission.ACCESS_WIFI_STATE" />
18-->src/main/AndroidManifest.xml:9:5-75
18-->src/main/AndroidManifest.xml:9:22-73
19    <uses-permission android:name="android.permission.ACCOUNT_MANAGER" />
19-->src/main/AndroidManifest.xml:10:5-73
19-->src/main/AndroidManifest.xml:10:22-71
20    <uses-permission android:name="android.permission.BLUETOOTH" />
20-->src/main/AndroidManifest.xml:11:5-67
20-->src/main/AndroidManifest.xml:11:22-65
21    <uses-permission android:name="android.permission.BLUETOOTH_ADMIN" />
21-->src/main/AndroidManifest.xml:12:5-73
21-->src/main/AndroidManifest.xml:12:22-71
22    <uses-permission android:name="android.permission.BLUETOOTH_PRIVILEGED" />
22-->src/main/AndroidManifest.xml:13:5-78
22-->src/main/AndroidManifest.xml:13:22-76
23    <uses-permission android:name="android.permission.BROADCAST_PACKAGE_REMOVED" />
23-->src/main/AndroidManifest.xml:14:5-83
23-->src/main/AndroidManifest.xml:14:22-81
24    <uses-permission android:name="android.permission.BROADCAST_SMS" />
24-->src/main/AndroidManifest.xml:15:5-71
24-->src/main/AndroidManifest.xml:15:22-69
25    <uses-permission android:name="android.permission.BROADCAST_STICKY" />
25-->src/main/AndroidManifest.xml:16:5-74
25-->src/main/AndroidManifest.xml:16:22-72
26    <uses-permission android:name="android.permission.BROADCAST_WAP_PUSH" />
26-->src/main/AndroidManifest.xml:17:5-76
26-->src/main/AndroidManifest.xml:17:22-74
27    <uses-permission android:name="android.permission.CALL_PHONE" />
27-->src/main/AndroidManifest.xml:18:5-68
27-->src/main/AndroidManifest.xml:18:22-66
28    <uses-permission android:name="android.permission.CALL_PRIVILEGED" />
28-->src/main/AndroidManifest.xml:19:5-73
28-->src/main/AndroidManifest.xml:19:22-71
29    <uses-permission android:name="android.permission.CAMERA" />
29-->src/main/AndroidManifest.xml:20:5-64
29-->src/main/AndroidManifest.xml:20:22-62
30    <uses-permission android:name="android.permission.CAPTURE_AUDIO_OUTPUT" />
30-->src/main/AndroidManifest.xml:21:5-78
30-->src/main/AndroidManifest.xml:21:22-76
31    <uses-permission android:name="android.permission.CAPTURE_SECURE_VIDEO_OUTPUT" />
31-->src/main/AndroidManifest.xml:22:5-85
31-->src/main/AndroidManifest.xml:22:22-83
32    <uses-permission android:name="android.permission.CAPTURE_VIDEO_OUTPUT" />
32-->src/main/AndroidManifest.xml:23:5-78
32-->src/main/AndroidManifest.xml:23:22-76
33    <uses-permission android:name="android.permission.CHANGE_COMPONENT_ENABLED_STATE" />
33-->src/main/AndroidManifest.xml:24:5-88
33-->src/main/AndroidManifest.xml:24:22-86
34    <uses-permission android:name="android.permission.CHANGE_CONFIGURATION" />
34-->src/main/AndroidManifest.xml:25:5-78
34-->src/main/AndroidManifest.xml:25:22-76
35    <uses-permission android:name="android.permission.CHANGE_NETWORK_STATE" />
35-->src/main/AndroidManifest.xml:26:5-78
35-->src/main/AndroidManifest.xml:26:22-76
36    <uses-permission android:name="android.permission.CHANGE_WIFI_MULTICAST_STATE" />
36-->src/main/AndroidManifest.xml:27:5-85
36-->src/main/AndroidManifest.xml:27:22-83
37    <uses-permission android:name="android.permission.CHANGE_WIFI_STATE" />
37-->src/main/AndroidManifest.xml:28:5-75
37-->src/main/AndroidManifest.xml:28:22-73
38    <uses-permission android:name="android.permission.CLEAR_APP_CACHE" />
38-->src/main/AndroidManifest.xml:29:5-73
38-->src/main/AndroidManifest.xml:29:22-71
39    <uses-permission android:name="android.permission.CONTROL_LOCATION_UPDATES" />
39-->src/main/AndroidManifest.xml:30:5-82
39-->src/main/AndroidManifest.xml:30:22-80
40    <uses-permission android:name="android.permission.DELETE_CACHE_FILES" />
40-->src/main/AndroidManifest.xml:31:5-76
40-->src/main/AndroidManifest.xml:31:22-74
41    <uses-permission android:name="android.permission.DELETE_PACKAGES" />
41-->src/main/AndroidManifest.xml:32:5-73
41-->src/main/AndroidManifest.xml:32:22-71
42    <uses-permission android:name="android.permission.DIAGNOSTIC" />
42-->src/main/AndroidManifest.xml:33:5-68
42-->src/main/AndroidManifest.xml:33:22-66
43    <uses-permission android:name="android.permission.DISABLE_KEYGUARD" />
43-->src/main/AndroidManifest.xml:34:5-74
43-->src/main/AndroidManifest.xml:34:22-72
44    <uses-permission android:name="android.permission.DUMP" />
44-->src/main/AndroidManifest.xml:35:5-62
44-->src/main/AndroidManifest.xml:35:22-60
45    <uses-permission android:name="android.permission.EXPAND_STATUS_BAR" />
45-->src/main/AndroidManifest.xml:36:5-75
45-->src/main/AndroidManifest.xml:36:22-73
46    <uses-permission android:name="android.permission.FACTORY_TEST" />
46-->src/main/AndroidManifest.xml:37:5-70
46-->src/main/AndroidManifest.xml:37:22-68
47    <uses-permission android:name="android.permission.FOREGROUND_SERVICE" />
47-->src/main/AndroidManifest.xml:38:5-76
47-->src/main/AndroidManifest.xml:38:22-74
48    <uses-permission android:name="android.permission.GET_ACCOUNTS" />
48-->src/main/AndroidManifest.xml:39:5-70
48-->src/main/AndroidManifest.xml:39:22-68
49    <uses-permission android:name="android.permission.GET_ACCOUNTS_PRIVILEGED" />
49-->src/main/AndroidManifest.xml:40:5-81
49-->src/main/AndroidManifest.xml:40:22-79
50    <uses-permission android:name="android.permission.GET_PACKAGE_SIZE" />
50-->src/main/AndroidManifest.xml:41:5-74
50-->src/main/AndroidManifest.xml:41:22-72
51    <uses-permission android:name="android.permission.GET_TASKS" />
51-->src/main/AndroidManifest.xml:42:5-67
51-->src/main/AndroidManifest.xml:42:22-65
52    <uses-permission android:name="android.permission.GLOBAL_SEARCH" />
52-->src/main/AndroidManifest.xml:43:5-71
52-->src/main/AndroidManifest.xml:43:22-69
53    <uses-permission android:name="android.permission.INSTALL_LOCATION_PROVIDER" />
53-->src/main/AndroidManifest.xml:44:5-83
53-->src/main/AndroidManifest.xml:44:22-81
54    <uses-permission android:name="android.permission.INSTALL_PACKAGES" />
54-->src/main/AndroidManifest.xml:45:5-74
54-->src/main/AndroidManifest.xml:45:22-72
55    <uses-permission android:name="android.permission.INSTALL_SHORTCUT" />
55-->src/main/AndroidManifest.xml:46:5-74
55-->src/main/AndroidManifest.xml:46:22-72
56    <uses-permission android:name="android.permission.INSTANT_APP_FOREGROUND_SERVICE" />
56-->src/main/AndroidManifest.xml:47:5-88
56-->src/main/AndroidManifest.xml:47:22-86
57    <uses-permission android:name="android.permission.INTERACT_ACROSS_USERS_FULL" />
57-->src/main/AndroidManifest.xml:48:5-85
57-->src/main/AndroidManifest.xml:48:22-82
58    <uses-permission android:name="android.permission.INTERNET" />
58-->src/main/AndroidManifest.xml:49:5-66
58-->src/main/AndroidManifest.xml:49:22-64
59    <uses-permission android:name="android.permission.KILL_BACKGROUND_PROCESSES" />
59-->src/main/AndroidManifest.xml:50:5-83
59-->src/main/AndroidManifest.xml:50:22-81
60    <uses-permission android:name="android.permission.LOCATION_HARDWARE" />
60-->src/main/AndroidManifest.xml:51:5-75
60-->src/main/AndroidManifest.xml:51:22-73
61    <uses-permission android:name="android.permission.MANAGE_DOCUMENTS" />
61-->src/main/AndroidManifest.xml:52:5-74
61-->src/main/AndroidManifest.xml:52:22-72
62    <uses-permission android:name="android.permission.MANAGE_OWN_CALLS" />
62-->src/main/AndroidManifest.xml:53:5-74
62-->src/main/AndroidManifest.xml:53:22-72
63    <uses-permission android:name="android.permission.MASTER_CLEAR" />
63-->src/main/AndroidManifest.xml:54:5-70
63-->src/main/AndroidManifest.xml:54:22-68
64    <uses-permission android:name="android.permission.MANAGE_CARRIER_OEM_UNLOCK_STATE" />
64-->src/main/AndroidManifest.xml:55:5-89
64-->src/main/AndroidManifest.xml:55:22-87
65    <uses-permission android:name="android.permission.MANAGE_USER_OEM_UNLOCK_STATE" />
65-->src/main/AndroidManifest.xml:56:5-86
65-->src/main/AndroidManifest.xml:56:22-84
66    <uses-permission android:name="android.permission.MEDIA_CONTENT_CONTROL" />
66-->src/main/AndroidManifest.xml:57:5-79
66-->src/main/AndroidManifest.xml:57:22-77
67    <uses-permission android:name="android.permission.MODIFY_AUDIO_SETTINGS" />
67-->src/main/AndroidManifest.xml:58:5-79
67-->src/main/AndroidManifest.xml:58:22-77
68    <uses-permission android:name="android.permission.MODIFY_PHONE_STATE" />
68-->src/main/AndroidManifest.xml:59:5-76
68-->src/main/AndroidManifest.xml:59:22-74
69    <uses-permission android:name="android.permission.MOUNT_FORMAT_FILESYSTEMS" />
69-->src/main/AndroidManifest.xml:60:5-82
69-->src/main/AndroidManifest.xml:60:22-80
70    <uses-permission android:name="android.permission.MOUNT_UNMOUNT_FILESYSTEMS" />
70-->src/main/AndroidManifest.xml:61:5-83
70-->src/main/AndroidManifest.xml:61:22-81
71    <uses-permission android:name="android.permission.NFC" />
71-->src/main/AndroidManifest.xml:62:5-61
71-->src/main/AndroidManifest.xml:62:22-59
72    <uses-permission android:name="android.permission.OEM_UNLOCK_STATE" />
72-->src/main/AndroidManifest.xml:63:5-74
72-->src/main/AndroidManifest.xml:63:22-72
73    <uses-permission android:name="android.permission.ORDER_ACCOUNTS" />
73-->src/main/AndroidManifest.xml:64:5-72
73-->src/main/AndroidManifest.xml:64:22-70
74    <uses-permission android:name="android.permission.PACKAGE_USAGE_STATS" />
74-->src/main/AndroidManifest.xml:65:5-77
74-->src/main/AndroidManifest.xml:65:22-75
75    <uses-permission android:name="android.permission.PERSISTENT_ACTIVITY" />
75-->src/main/AndroidManifest.xml:66:5-77
75-->src/main/AndroidManifest.xml:66:22-75
76    <uses-permission android:name="android.permission.PROCESS_OUTGOING_CALLS" />
76-->src/main/AndroidManifest.xml:67:5-80
76-->src/main/AndroidManifest.xml:67:22-78
77    <uses-permission android:name="android.permission.READ_CALENDAR" />
77-->src/main/AndroidManifest.xml:68:5-71
77-->src/main/AndroidManifest.xml:68:22-69
78    <uses-permission android:name="android.permission.READ_CALL_LOG" />
78-->src/main/AndroidManifest.xml:69:5-71
78-->src/main/AndroidManifest.xml:69:22-69
79    <uses-permission android:name="android.permission.READ_CONTACTS" />
79-->src/main/AndroidManifest.xml:70:5-71
79-->src/main/AndroidManifest.xml:70:22-69
80    <uses-permission android:name="android.permission.READ_EXTERNAL_STORAGE" />
80-->src/main/AndroidManifest.xml:71:5-79
80-->src/main/AndroidManifest.xml:71:22-77
81    <uses-permission android:name="android.permission.READ_FRAME_BUFFER" />
81-->src/main/AndroidManifest.xml:72:5-75
81-->src/main/AndroidManifest.xml:72:22-73
82    <uses-permission android:name="android.permission.READ_INPUT_STATE" />
82-->src/main/AndroidManifest.xml:73:5-74
82-->src/main/AndroidManifest.xml:73:22-72
83    <uses-permission android:name="android.permission.READ_LOGS" />
83-->src/main/AndroidManifest.xml:74:5-67
83-->src/main/AndroidManifest.xml:74:22-65
84    <uses-permission android:name="android.permission.READ_OEM_UNLOCK_STATE" />
84-->src/main/AndroidManifest.xml:75:5-79
84-->src/main/AndroidManifest.xml:75:22-77
85    <uses-permission android:name="android.permission.READ_PHONE_NUMBERS" />
85-->src/main/AndroidManifest.xml:76:5-76
85-->src/main/AndroidManifest.xml:76:22-74
86    <uses-permission android:name="android.permission.READ_PHONE_STATE" />
86-->src/main/AndroidManifest.xml:77:5-74
86-->src/main/AndroidManifest.xml:77:22-72
87    <uses-permission android:name="android.permission.READ_SMS" />
87-->src/main/AndroidManifest.xml:78:5-66
87-->src/main/AndroidManifest.xml:78:22-64
88    <uses-permission android:name="android.permission.READ_SYNC_SETTINGS" />
88-->src/main/AndroidManifest.xml:79:5-76
88-->src/main/AndroidManifest.xml:79:22-74
89    <uses-permission android:name="android.permission.READ_SYNC_STATS" />
89-->src/main/AndroidManifest.xml:80:5-73
89-->src/main/AndroidManifest.xml:80:22-71
90    <uses-permission android:name="android.permission.READ_VOICEMAIL" />
90-->src/main/AndroidManifest.xml:81:5-72
90-->src/main/AndroidManifest.xml:81:22-70
91    <uses-permission android:name="android.permission.REBOOT" />
91-->src/main/AndroidManifest.xml:82:5-64
91-->src/main/AndroidManifest.xml:82:22-62
92    <uses-permission android:name="android.permission.RECEIVE_BOOT_COMPLETED" />
92-->src/main/AndroidManifest.xml:83:5-80
92-->src/main/AndroidManifest.xml:83:22-78
93    <uses-permission android:name="android.permission.RECEIVE_MMS" />
93-->src/main/AndroidManifest.xml:84:5-69
93-->src/main/AndroidManifest.xml:84:22-67
94    <uses-permission android:name="android.permission.RECEIVE_SMS" />
94-->src/main/AndroidManifest.xml:85:5-69
94-->src/main/AndroidManifest.xml:85:22-67
95    <uses-permission android:name="android.permission.RECEIVE_WAP_PUSH" />
95-->src/main/AndroidManifest.xml:86:5-74
95-->src/main/AndroidManifest.xml:86:22-72
96    <uses-permission android:name="android.permission.RECORD_AUDIO" />
96-->src/main/AndroidManifest.xml:87:5-70
96-->src/main/AndroidManifest.xml:87:22-68
97    <uses-permission android:name="android.permission.REORDER_TASKS" />
97-->src/main/AndroidManifest.xml:88:5-71
97-->src/main/AndroidManifest.xml:88:22-69
98    <uses-permission android:name="android.permission.REQUEST_COMPANION_RUN_IN_BACKGROUND" />
98-->src/main/AndroidManifest.xml:89:5-93
98-->src/main/AndroidManifest.xml:89:22-91
99    <uses-permission android:name="android.permission.REQUEST_COMPANION_USE_DATA_IN_BACKGROUND" />
99-->src/main/AndroidManifest.xml:90:5-98
99-->src/main/AndroidManifest.xml:90:22-96
100    <uses-permission android:name="android.permission.REQUEST_DELETE_PACKAGES" />
100-->src/main/AndroidManifest.xml:91:5-81
100-->src/main/AndroidManifest.xml:91:22-79
101    <uses-permission android:name="android.permission.REQUEST_IGNORE_BATTERY_OPTIMIZATIONS" />
101-->src/main/AndroidManifest.xml:92:5-94
101-->src/main/AndroidManifest.xml:92:22-92
102    <uses-permission android:name="android.permission.REQUEST_INSTALL_PACKAGES" />
102-->src/main/AndroidManifest.xml:93:5-82
102-->src/main/AndroidManifest.xml:93:22-80
103    <uses-permission android:name="android.permission.RESTART_PACKAGES" />
103-->src/main/AndroidManifest.xml:94:5-74
103-->src/main/AndroidManifest.xml:94:22-72
104    <uses-permission android:name="android.permission.SEND_RESPOND_VIA_MESSAGE" />
104-->src/main/AndroidManifest.xml:95:5-82
104-->src/main/AndroidManifest.xml:95:22-80
105    <uses-permission android:name="android.permission.SEND_SMS" />
105-->src/main/AndroidManifest.xml:96:5-66
105-->src/main/AndroidManifest.xml:96:22-64
106    <uses-permission android:name="android.permission.SET_ALARM" />
106-->src/main/AndroidManifest.xml:97:5-67
106-->src/main/AndroidManifest.xml:97:22-65
107    <uses-permission android:name="android.permission.SET_ALWAYS_FINISH" />
107-->src/main/AndroidManifest.xml:98:5-75
107-->src/main/AndroidManifest.xml:98:22-73
108    <uses-permission android:name="android.permission.SET_ANIMATION_SCALE" />
108-->src/main/AndroidManifest.xml:99:5-77
108-->src/main/AndroidManifest.xml:99:22-75
109    <uses-permission android:name="android.permission.SET_DEBUG_APP" />
109-->src/main/AndroidManifest.xml:100:5-71
109-->src/main/AndroidManifest.xml:100:22-69
110    <uses-permission android:name="android.permission.SET_PREFERRED_APPLICATIONS" />
110-->src/main/AndroidManifest.xml:101:5-84
110-->src/main/AndroidManifest.xml:101:22-82
111    <uses-permission android:name="android.permission.SET_PROCESS_LIMIT" />
111-->src/main/AndroidManifest.xml:102:5-75
111-->src/main/AndroidManifest.xml:102:22-73
112    <uses-permission android:name="android.permission.SET_TIME" />
112-->src/main/AndroidManifest.xml:103:5-66
112-->src/main/AndroidManifest.xml:103:22-64
113    <uses-permission android:name="android.permission.SET_TIME_ZONE" />
113-->src/main/AndroidManifest.xml:104:5-71
113-->src/main/AndroidManifest.xml:104:22-69
114    <uses-permission android:name="android.permission.SET_WALLPAPER" />
114-->src/main/AndroidManifest.xml:105:5-71
114-->src/main/AndroidManifest.xml:105:22-69
115    <uses-permission android:name="android.permission.SET_WALLPAPER_HINTS" />
115-->src/main/AndroidManifest.xml:106:5-77
115-->src/main/AndroidManifest.xml:106:22-75
116    <uses-permission android:name="android.permission.SIGNAL_PERSISTENT_PROCESSES" />
116-->src/main/AndroidManifest.xml:107:5-85
116-->src/main/AndroidManifest.xml:107:22-83
117    <uses-permission android:name="android.permission.STATUS_BAR" />
117-->src/main/AndroidManifest.xml:108:5-68
117-->src/main/AndroidManifest.xml:108:22-66
118    <uses-permission android:name="android.permission.SYSTEM_ALERT_WINDOW" />
118-->src/main/AndroidManifest.xml:109:5-77
118-->src/main/AndroidManifest.xml:109:22-75
119    <uses-permission android:name="android.permission.TRANSMIT_IR" />
119-->src/main/AndroidManifest.xml:110:5-69
119-->src/main/AndroidManifest.xml:110:22-67
120    <uses-permission android:name="android.permission.UNINSTALL_SHORTCUT" />
120-->src/main/AndroidManifest.xml:111:5-76
120-->src/main/AndroidManifest.xml:111:22-74
121    <uses-permission android:name="android.permission.UPDATE_DEVICE_STATS" />
121-->src/main/AndroidManifest.xml:112:5-77
121-->src/main/AndroidManifest.xml:112:22-75
122    <uses-permission android:name="android.permission.USE_BIOMETRIC" />
122-->src/main/AndroidManifest.xml:113:5-71
122-->src/main/AndroidManifest.xml:113:22-69
123    <uses-permission android:name="android.permission.USE_FINGERPRINT" />
123-->src/main/AndroidManifest.xml:114:5-73
123-->src/main/AndroidManifest.xml:114:22-71
124    <uses-permission android:name="android.permission.USE_FULL_SCREEN_INTENT" />
124-->src/main/AndroidManifest.xml:115:5-80
124-->src/main/AndroidManifest.xml:115:22-78
125    <uses-permission android:name="android.permission.USE_SIP" />
125-->src/main/AndroidManifest.xml:116:5-65
125-->src/main/AndroidManifest.xml:116:22-63
126    <uses-permission android:name="android.permission.VIBRATE" />
126-->src/main/AndroidManifest.xml:117:5-65
126-->src/main/AndroidManifest.xml:117:22-63
127    <uses-permission android:name="android.permission.WAKE_LOCK" />
127-->src/main/AndroidManifest.xml:118:5-67
127-->src/main/AndroidManifest.xml:118:22-65
128    <uses-permission android:name="android.permission.WRITE_APN_SETTINGS" />
128-->src/main/AndroidManifest.xml:119:5-76
128-->src/main/AndroidManifest.xml:119:22-74
129    <uses-permission android:name="android.permission.WRITE_CALENDAR" />
129-->src/main/AndroidManifest.xml:120:5-72
129-->src/main/AndroidManifest.xml:120:22-70
130    <uses-permission android:name="android.permission.WRITE_CALL_LOG" />
130-->src/main/AndroidManifest.xml:121:5-72
130-->src/main/AndroidManifest.xml:121:22-70
131    <uses-permission android:name="android.permission.WRITE_CONTACTS" />
131-->src/main/AndroidManifest.xml:122:5-72
131-->src/main/AndroidManifest.xml:122:22-70
132    <uses-permission android:name="android.permission.WRITE_EXTERNAL_STORAGE" />
132-->src/main/AndroidManifest.xml:123:5-80
132-->src/main/AndroidManifest.xml:123:22-78
133    <uses-permission android:name="android.permission.WRITE_GSERVICES" />
133-->src/main/AndroidManifest.xml:124:5-73
133-->src/main/AndroidManifest.xml:124:22-71
134    <uses-permission android:name="android.permission.WRITE_SECURE_SETTINGS" />
134-->src/main/AndroidManifest.xml:125:5-79
134-->src/main/AndroidManifest.xml:125:22-77
135    <uses-permission android:name="android.permission.WRITE_SETTINGS" />
135-->src/main/AndroidManifest.xml:126:5-72
135-->src/main/AndroidManifest.xml:126:22-70
136    <uses-permission android:name="android.permission.WRITE_SYNC_SETTINGS" />
136-->src/main/AndroidManifest.xml:127:5-77
136-->src/main/AndroidManifest.xml:127:22-75
137    <uses-permission android:name="android.permission.WRITE_VOICEMAIL" />
137-->src/main/AndroidManifest.xml:128:5-73
137-->src/main/AndroidManifest.xml:128:22-71
138
139    <application
139-->src/main/AndroidManifest.xml:130:5-137:19
140        android:debuggable="true"
141        android:extractNativeLibs="true" >
142        <activity android:name="com.maximus.UnlockerCMD.MainActivity" >
142-->src/main/AndroidManifest.xml:131:9-136:20
142-->src/main/AndroidManifest.xml:131:19-47
143            <intent-filter>
143-->src/main/AndroidManifest.xml:132:13-135:29
144                <action android:name="android.intent.action.MAIN" />
144-->src/main/AndroidManifest.xml:133:17-69
144-->src/main/AndroidManifest.xml:133:25-66
145
146                <category android:name="android.intent.category.LAUNCHER" />
146-->src/main/AndroidManifest.xml:134:17-77
146-->src/main/AndroidManifest.xml:134:27-74
147            </intent-filter>
148        </activity>
149    </application>
150
151</manifest>